Build started 10/16/2015 7:45:03 PM.
     1>Project "C:\Users\vxk5499\Downloads\MedianFiltering_AlmostDone\MedianFiltering_CPU7\HPAlabs\HPAlabs.vcxproj" on node 2 (build target(s)).
     1>InitializeBuildStatus:
         Creating "Debug\HPAlabs.unsuccessfulbuild" because "AlwaysCreate" was specified.
       AddCudaCompileDeps:
       Skipping target "AddCudaCompileDeps" because all output files are up-to-date with respect to the input files.
       AddCudaCompilePropsDeps:
       Skipping target "AddCudaCompilePropsDeps" because all output files are up-to-date with respect to the input files.
       CudaBuild:
       Skipping target "CudaBuild" because all output files are up-to-date with respect to the input files.
       ClCompile:
         c:\Program Files (x86)\Microsoft Visual Studio 10.0\VC\bin\CL.exe /c /I"C:\Program Files\NVIDIA GPU Computing Toolkit\CUDA\v5.0\include" /ZI /nologo /W3 /WX- /Od /Oy- /D _MBCS /Gm /EHsc /RTC1 /MDd /GS /fp:precise /Zc:wchar_t /Zc:forScope /Fo"Debug\\" /Fd"Debug\vc100.pdb" /Gd /TP /analyze- /errorReport:prompt main.cpp
         main.cpp
     1>c:\users\vxk5499\downloads\medianfiltering_almostdone\medianfiltering_cpu7\hpalabs\main.cpp(104): warning C4244: 'argument' : conversion from 'time_t' to 'unsigned int', possible loss of data
       ManifestResourceCompile:
         All outputs are up-to-date.
       Link:
         c:\Program Files (x86)\Microsoft Visual Studio 10.0\VC\bin\link.exe /ERRORREPORT:PROMPT /OUT:"C:\Users\vxk5499\Downloads\MedianFiltering_AlmostDone\MedianFiltering_CPU7\Debug\HPAlabs.exe" /INCREMENTAL /NOLOGO /LIBPATH:"C:\Program Files\NVIDIA GPU Computing Toolkit\CUDA\v5.0\lib\Win32" cudart.lib kernel32.lib user32.lib gdi32.lib winspool.lib comdlg32.lib advapi32.lib shell32.lib ole32.lib oleaut32.lib uuid.lib odbc32.lib odbccp32.lib kernel32.lib user32.lib gdi32.lib winspool.lib comdlg32.lib advapi32.lib shell32.lib ole32.lib oleaut32.lib uuid.lib odbc32.lib odbccp32.lib /MANIFEST /ManifestFile:"Debug\HPAlabs.exe.intermediate.manifest" /MANIFESTUAC:"level='asInvoker' uiAccess='false'" /DEBUG /PDB:"C:\Users\vxk5499\Downloads\MedianFiltering_AlmostDone\MedianFiltering_CPU7\Debug\HPAlabs.pdb" /SUBSYSTEM:CONSOLE /TLBID:1 /DYNAMICBASE /NXCOMPAT /IMPLIB:"C:\Users\vxk5499\Downloads\MedianFiltering_AlmostDone\MedianFiltering_CPU7\Debug\HPAlabs.lib" /MACHINE:X86 Debug\MedianFilterGPU.cu.obj
         Debug\HPAlabs.exe.embed.manifest.res
         Debug\main.obj
       Manifest:
         C:\Program Files (x86)\Microsoft SDKs\Windows\v7.0A\bin\mt.exe /nologo /verbose /out:"Debug\HPAlabs.exe.embed.manifest" /manifest Debug\HPAlabs.exe.intermediate.manifest
         All outputs are up-to-date.
       LinkEmbedManifest:
         All outputs are up-to-date.
         HPAlabs.vcxproj -> C:\Users\vxk5499\Downloads\MedianFiltering_AlmostDone\MedianFiltering_CPU7\Debug\HPAlabs.exe
       PostBuildEvent:
         echo copy "C:\Program Files\NVIDIA GPU Computing Toolkit\CUDA\v5.0\bin\cudart*.dll" "C:\Users\vxk5499\Downloads\MedianFiltering_AlmostDone\MedianFiltering_CPU7\Debug\"
         copy "C:\Program Files\NVIDIA GPU Computing Toolkit\CUDA\v5.0\bin\cudart*.dll" "C:\Users\vxk5499\Downloads\MedianFiltering_AlmostDone\MedianFiltering_CPU7\Debug\"
         :VCEnd
         copy "C:\Program Files\NVIDIA GPU Computing Toolkit\CUDA\v5.0\bin\cudart*.dll" "C:\Users\vxk5499\Downloads\MedianFiltering_AlmostDone\MedianFiltering_CPU7\Debug\"
         C:\Program Files\NVIDIA GPU Computing Toolkit\CUDA\v5.0\bin\cudart32_50_35.dll
         C:\Program Files\NVIDIA GPU Computing Toolkit\CUDA\v5.0\bin\cudart64_50_35.dll
                 2 file(s) copied.
       FinalizeBuildStatus:
         Deleting file "Debug\HPAlabs.unsuccessfulbuild".
         Touching "Debug\HPAlabs.lastbuildstate".
     1>Done Building Project "C:\Users\vxk5499\Downloads\MedianFiltering_AlmostDone\MedianFiltering_CPU7\HPAlabs\HPAlabs.vcxproj" (build target(s)).

Build succeeded.

Time Elapsed 00:00:00.81
