Build started 10/30/2015 1:50:08 PM.
     1>Project "C:\Users\vxk5499\Downloads\HeatTransferCUDA\HeatTransferCUDA\HeatTransferCUDA.vcxproj" on node 2 (build target(s)).
     1>InitializeBuildStatus:
         Creating "x64\Debug\HeatTransferCUDA.unsuccessfulbuild" because "AlwaysCreate" was specified.
       ClCompile:
         All outputs are up-to-date.
       Link:
         c:\Program Files (x86)\Microsoft Visual Studio 10.0\VC\bin\x86_amd64\link.exe /ERRORREPORT:PROMPT /OUT:"C:\Users\vxk5499\Downloads\HeatTransferCUDA\x64\Debug\HeatTransferCUDA.mexw64" /NOLOGO /LIBPATH:"C:\Program Files\NVIDIA GPU Computing Toolkit\CUDA\v5.0\lib\x64" /LIBPATH:"C:\Program Files\MATLAB\R2013a\extern\lib\win64\microsoft" /LIBPATH:C:\Users\vxk5499\Downloads\HeatTransferCUDA\x64\Debug\ HeatTransferCUDALib.lib libmx.lib libmex.lib libmat.lib cudart.lib kernel32.lib user32.lib gdi32.lib winspool.lib comdlg32.lib advapi32.lib shell32.lib ole32.lib oleaut32.lib uuid.lib odbc32.lib odbccp32.lib /DEF:"ModuleDefinition.def" /MANIFEST /ManifestFile:"x64\Debug\HeatTransferCUDA.mexw64.intermediate.manifest" /MANIFESTUAC:"level='asInvoker' uiAccess='false'" /DEBUG /PDB:"C:\Users\vxk5499\Downloads\HeatTransferCUDA\x64\Debug\HeatTransferCUDA.pdb" /TLBID:1 /DYNAMICBASE /NXCOMPAT /IMPLIB:"C:\Users\vxk5499\Downloads\HeatTransferCUDA\x64\Debug\HeatTransferCUDA.lib" /MACHINE:X64 /DLL x64\Debug\mexFunction.obj
         LINK : C:\Users\vxk5499\Downloads\HeatTransferCUDA\x64\Debug\HeatTransferCUDA.mexw64 not found or not built by the last incremental link; performing full link
            Creating library C:\Users\vxk5499\Downloads\HeatTransferCUDA\x64\Debug\HeatTransferCUDA.lib and object C:\Users\vxk5499\Downloads\HeatTransferCUDA\x64\Debug\HeatTransferCUDA.exp
     1>LINK : warning LNK4098: defaultlib 'MSVCRT' conflicts with use of other libs; use /NODEFAULTLIB:library
         HeatTransferCUDA.vcxproj -> C:\Users\vxk5499\Downloads\HeatTransferCUDA\x64\Debug\HeatTransferCUDA.mexw64
       Manifest:
         C:\Program Files (x86)\Microsoft SDKs\Windows\v7.0A\bin\mt.exe /nologo /verbose /outputresource:"C:\Users\vxk5499\Downloads\HeatTransferCUDA\x64\Debug\HeatTransferCUDA.mexw64;#2" /manifest x64\Debug\HeatTransferCUDA.mexw64.intermediate.manifest
       FinalizeBuildStatus:
         Deleting file "x64\Debug\HeatTransferCUDA.unsuccessfulbuild".
         Touching "x64\Debug\HeatTransferCUDA.lastbuildstate".
     1>Done Building Project "C:\Users\vxk5499\Downloads\HeatTransferCUDA\HeatTransferCUDA\HeatTransferCUDA.vcxproj" (build target(s)).

Build succeeded.

Time Elapsed 00:00:00.34
