C:\USERS\VXK5499\DOCUMENTS\VISUAL STUDIO 2010\PROJECTS\KMEANSCLUSTERING\DEBUG\HPALABS.EXE
C:\USERS\VXK5499\DOCUMENTS\VISUAL STUDIO 2010\PROJECTS\KMEANSCLUSTERING\DEBUG\HPALABS.ILK
C:\USERS\VXK5499\DOCUMENTS\VISUAL STUDIO 2010\PROJECTS\KMEANSCLUSTERING\DEBUG\HPALABS.PDB
C:\USERS\VXK5499\DOCUMENTS\VISUAL STUDIO 2010\PROJECTS\KMEANSCLUSTERING\HPALABS\DEBUG\HPALABS.EXE.EMBED.MANIFEST
C:\USERS\VXK5499\DOCUMENTS\VISUAL STUDIO 2010\PROJECTS\KMEANSCLUSTERING\HPALABS\DEBUG\HPALABS.EXE.EMBED.MANIFEST.RES
C:\USERS\VXK5499\DOCUMENTS\VISUAL STUDIO 2010\PROJECTS\KMEANSCLUSTERING\HPALABS\DEBUG\HPALABS.EXE.INTERMEDIATE.MANIFEST
C:\USERS\VXK5499\DOCUMENTS\VISUAL STUDIO 2010\PROJECTS\KMEANSCLUSTERING\HPALABS\DEBUG\MAIN.OBJ
C:\USERS\VXK5499\DOCUMENTS\VISUAL STUDIO 2010\PROJECTS\KMEANSCLUSTERING\HPALABS\DEBUG\VC100.PDB
C:\USERS\VXK5499\DOCUMENTS\VISUAL STUDIO 2010\PROJECTS\KMEANSCLUSTERING1\DEBUG\HPALABS.EXE
C:\USERS\VXK5499\DOCUMENTS\VISUAL STUDIO 2010\PROJECTS\KMEANSCLUSTERING1\DEBUG\HPALABS.ILK
C:\USERS\VXK5499\DOCUMENTS\VISUAL STUDIO 2010\PROJECTS\KMEANSCLUSTERING1\DEBUG\HPALABS.PDB
C:\Users\vxk5499\Documents\Visual Studio 2010\Projects\KMeansClustering1\HpaLabs\Debug\cl.command.1.tlog
C:\Users\vxk5499\Documents\Visual Studio 2010\Projects\KMeansClustering1\HpaLabs\Debug\CL.read.1.tlog
C:\Users\vxk5499\Documents\Visual Studio 2010\Projects\KMeansClustering1\HpaLabs\Debug\CL.write.1.tlog
C:\Users\vxk5499\Documents\Visual Studio 2010\Projects\KMeansClustering1\HpaLabs\Debug\HpaLabs.exe.embed.manifest
C:\USERS\VXK5499\DOCUMENTS\VISUAL STUDIO 2010\PROJECTS\KMEANSCLUSTERING1\HPALABS\DEBUG\HPALABS.EXE.EMBED.MANIFEST.RES
C:\USERS\VXK5499\DOCUMENTS\VISUAL STUDIO 2010\PROJECTS\KMEANSCLUSTERING1\HPALABS\DEBUG\HPALABS.EXE.INTERMEDIATE.MANIFEST
C:\Users\vxk5499\Documents\Visual Studio 2010\Projects\KMeansClustering1\HpaLabs\Debug\HpaLabs.vcxprojResolveAssemblyReference.cache
C:\Users\vxk5499\Documents\Visual Studio 2010\Projects\KMeansClustering1\HpaLabs\Debug\HpaLabs.write.1.tlog
C:\Users\vxk5499\Documents\Visual Studio 2010\Projects\KMeansClustering1\HpaLabs\Debug\HpaLabs_manifest.rc
C:\Users\vxk5499\Documents\Visual Studio 2010\Projects\KMeansClustering1\HpaLabs\Debug\KMeansFiltering.cu.cache
C:\Users\vxk5499\Documents\Visual Studio 2010\Projects\KMeansClustering1\HpaLabs\Debug\KMeansFiltering.cu.obj
C:\Users\vxk5499\Documents\Visual Studio 2010\Projects\KMeansClustering1\HpaLabs\Debug\link.10200.read.1.tlog
C:\Users\vxk5499\Documents\Visual Studio 2010\Projects\KMeansClustering1\HpaLabs\Debug\link.10200.write.1.tlog
C:\Users\vxk5499\Documents\Visual Studio 2010\Projects\KMeansClustering1\HpaLabs\Debug\link.10200-cvtres.read.1.tlog
C:\Users\vxk5499\Documents\Visual Studio 2010\Projects\KMeansClustering1\HpaLabs\Debug\link.10200-cvtres.write.1.tlog
C:\Users\vxk5499\Documents\Visual Studio 2010\Projects\KMeansClustering1\HpaLabs\Debug\link.36172.read.1.tlog
C:\Users\vxk5499\Documents\Visual Studio 2010\Projects\KMeansClustering1\HpaLabs\Debug\link.36172.write.1.tlog
C:\Users\vxk5499\Documents\Visual Studio 2010\Projects\KMeansClustering1\HpaLabs\Debug\link.36172-cvtres.read.1.tlog
C:\Users\vxk5499\Documents\Visual Studio 2010\Projects\KMeansClustering1\HpaLabs\Debug\link.36172-cvtres.write.1.tlog
C:\Users\vxk5499\Documents\Visual Studio 2010\Projects\KMeansClustering1\HpaLabs\Debug\link.5480.read.1.tlog
C:\Users\vxk5499\Documents\Visual Studio 2010\Projects\KMeansClustering1\HpaLabs\Debug\link.5480.write.1.tlog
C:\Users\vxk5499\Documents\Visual Studio 2010\Projects\KMeansClustering1\HpaLabs\Debug\link.5480-cvtres.read.1.tlog
C:\Users\vxk5499\Documents\Visual Studio 2010\Projects\KMeansClustering1\HpaLabs\Debug\link.5480-cvtres.write.1.tlog
C:\Users\vxk5499\Documents\Visual Studio 2010\Projects\KMeansClustering1\HpaLabs\Debug\link.6244.read.1.tlog
C:\Users\vxk5499\Documents\Visual Studio 2010\Projects\KMeansClustering1\HpaLabs\Debug\link.6244.write.1.tlog
C:\Users\vxk5499\Documents\Visual Studio 2010\Projects\KMeansClustering1\HpaLabs\Debug\link.6244-cvtres.read.1.tlog
C:\Users\vxk5499\Documents\Visual Studio 2010\Projects\KMeansClustering1\HpaLabs\Debug\link.6244-cvtres.write.1.tlog
C:\Users\vxk5499\Documents\Visual Studio 2010\Projects\KMeansClustering1\HpaLabs\Debug\link.6476.read.1.tlog
C:\Users\vxk5499\Documents\Visual Studio 2010\Projects\KMeansClustering1\HpaLabs\Debug\link.6476.write.1.tlog
C:\Users\vxk5499\Documents\Visual Studio 2010\Projects\KMeansClustering1\HpaLabs\Debug\link.6476-cvtres.read.1.tlog
C:\Users\vxk5499\Documents\Visual Studio 2010\Projects\KMeansClustering1\HpaLabs\Debug\link.6476-cvtres.write.1.tlog
C:\Users\vxk5499\Documents\Visual Studio 2010\Projects\KMeansClustering1\HpaLabs\Debug\link.7508.read.1.tlog
C:\Users\vxk5499\Documents\Visual Studio 2010\Projects\KMeansClustering1\HpaLabs\Debug\link.7508.write.1.tlog
C:\Users\vxk5499\Documents\Visual Studio 2010\Projects\KMeansClustering1\HpaLabs\Debug\link.7508-cvtres.read.1.tlog
C:\Users\vxk5499\Documents\Visual Studio 2010\Projects\KMeansClustering1\HpaLabs\Debug\link.7508-cvtres.write.1.tlog
C:\Users\vxk5499\Documents\Visual Studio 2010\Projects\KMeansClustering1\HpaLabs\Debug\link.8808.read.1.tlog
C:\Users\vxk5499\Documents\Visual Studio 2010\Projects\KMeansClustering1\HpaLabs\Debug\link.8808.write.1.tlog
C:\Users\vxk5499\Documents\Visual Studio 2010\Projects\KMeansClustering1\HpaLabs\Debug\link.8808-cvtres.read.1.tlog
C:\Users\vxk5499\Documents\Visual Studio 2010\Projects\KMeansClustering1\HpaLabs\Debug\link.8808-cvtres.write.1.tlog
C:\Users\vxk5499\Documents\Visual Studio 2010\Projects\KMeansClustering1\HpaLabs\Debug\link.command.1.tlog
C:\Users\vxk5499\Documents\Visual Studio 2010\Projects\KMeansClustering1\HpaLabs\Debug\link.read.1.tlog
C:\Users\vxk5499\Documents\Visual Studio 2010\Projects\KMeansClustering1\HpaLabs\Debug\link.write.1.tlog
C:\Users\vxk5499\Documents\Visual Studio 2010\Projects\KMeansClustering1\HpaLabs\Debug\link-cvtres.read.1.tlog
C:\Users\vxk5499\Documents\Visual Studio 2010\Projects\KMeansClustering1\HpaLabs\Debug\link-cvtres.write.1.tlog
C:\USERS\VXK5499\DOCUMENTS\VISUAL STUDIO 2010\PROJECTS\KMEANSCLUSTERING1\HPALABS\DEBUG\MAIN.OBJ
C:\Users\vxk5499\Documents\Visual Studio 2010\Projects\KMeansClustering1\HpaLabs\Debug\mt.command.1.tlog
C:\Users\vxk5499\Documents\Visual Studio 2010\Projects\KMeansClustering1\HpaLabs\Debug\mt.read.1.tlog
C:\Users\vxk5499\Documents\Visual Studio 2010\Projects\KMeansClustering1\HpaLabs\Debug\mt.write.1.tlog
C:\Users\vxk5499\Documents\Visual Studio 2010\Projects\KMeansClustering1\HpaLabs\Debug\rc.command.1.tlog
C:\Users\vxk5499\Documents\Visual Studio 2010\Projects\KMeansClustering1\HpaLabs\Debug\rc.read.1.tlog
C:\Users\vxk5499\Documents\Visual Studio 2010\Projects\KMeansClustering1\HpaLabs\Debug\rc.write.1.tlog
C:\Users\vxk5499\Documents\Visual Studio 2010\Projects\KMeansClustering1\HpaLabs\Debug\vc100.idb
C:\USERS\VXK5499\DOCUMENTS\VISUAL STUDIO 2010\PROJECTS\KMEANSCLUSTERING1\HPALABS\DEBUG\VC100.PDB
