Build started 10/23/2015 3:27:05 PM.
     1>Project "C:\Users\vxk5499\Downloads\KMeansClustering_vigneshGK-2015-10-23\KMeansClustering_vigneshGK\HpaLabs\HpaLabs.vcxproj" on node 2 (build target(s)).
     1>InitializeBuildStatus:
         Creating "Debug\HpaLabs.unsuccessfulbuild" because "AlwaysCreate" was specified.
       AddCudaCompileDeps:
         c:\Program Files (x86)\Microsoft Visual Studio 10.0\VC\bin\cl.exe /E /nologo /showIncludes /TP /D__CUDACC__ /D_MBCS /I"C:\Program Files\NVIDIA GPU Computing Toolkit\CUDA\v5.0\include" /I"C:\Program Files\NVIDIA GPU Computing Toolkit\CUDA\v5.0\bin" /I"C:\Program Files\NVIDIA GPU Computing Toolkit\CUDA\v5.0\include" /I. /FIcuda_runtime.h /c C:\Users\vxk5499\Downloads\KMeansClustering_vigneshGK-2015-10-23\KMeansClustering_vigneshGK\HpaLabs\KMeansFiltering.cu 
       AddCudaCompilePropsDeps:
       Skipping target "AddCudaCompilePropsDeps" because all output files are up-to-date with respect to the input files.
       CudaBuild:
         Compiling CUDA source file KMeansFiltering.cu...
         cmd.exe /C "C:\Users\vxk5499\AppData\Local\Temp\tmpedb9a2b3e59a4b9586d3f9111978ff64.cmd"
         "C:\Program Files\NVIDIA GPU Computing Toolkit\CUDA\v5.0\bin\nvcc.exe" -gencode=arch=compute_10,code=\"sm_10,compute_10\" --use-local-env --cl-version 2010 -ccbin "c:\Program Files (x86)\Microsoft Visual Studio 10.0\VC\bin"  -I"C:\Program Files\NVIDIA GPU Computing Toolkit\CUDA\v5.0\include" -I"C:\Program Files\NVIDIA GPU Computing Toolkit\CUDA\v5.0\include"  -G   --keep-dir "Debug" -maxrregcount=0  --machine 32 --compile  -g   -D_MBCS -Xcompiler "/EHsc /W3 /nologo /Od /Zi /RTC1 /MDd  " -o "Debug\KMeansFiltering.cu.obj" "C:\Users\vxk5499\Downloads\KMeansClustering_vigneshGK-2015-10-23\KMeansClustering_vigneshGK\HpaLabs\KMeansFiltering.cu"
         
         C:\Users\vxk5499\Downloads\KMeansClustering_vigneshGK-2015-10-23\KMeansClustering_vigneshGK\HpaLabs>"C:\Program Files\NVIDIA GPU Computing Toolkit\CUDA\v5.0\bin\nvcc.exe" -gencode=arch=compute_10,code=\"sm_10,compute_10\" --use-local-env --cl-version 2010 -ccbin "c:\Program Files (x86)\Microsoft Visual Studio 10.0\VC\bin"  -I"C:\Program Files\NVIDIA GPU Computing Toolkit\CUDA\v5.0\include" -I"C:\Program Files\NVIDIA GPU Computing Toolkit\CUDA\v5.0\include"  -G   --keep-dir "Debug" -maxrregcount=0  --machine 32 --compile  -g   -D_MBCS -Xcompiler "/EHsc /W3 /nologo /Od /Zi /RTC1 /MDd  " -o "Debug\KMeansFiltering.cu.obj" "C:\Users\vxk5499\Downloads\KMeansClustering_vigneshGK-2015-10-23\KMeansClustering_vigneshGK\HpaLabs\KMeansFiltering.cu" 
         KMeansFiltering.cu
         tmpxft_00002334_00000000-2_KMeansFiltering.cudafe1.gpu
         tmpxft_00002334_00000000-7_KMeansFiltering.cudafe2.gpu
         KMeansFiltering.cu
         tmpxft_00002334_00000000-2_KMeansFiltering.cudafe1.cpp
         tmpxft_00002334_00000000-12_KMeansFiltering.ii
         Deleting file "tmpxft_00002334_00000000-8_KMeansFiltering.cpp3.o".
       ClCompile:
         c:\Program Files (x86)\Microsoft Visual Studio 10.0\VC\bin\CL.exe /c /I"C:\Program Files\NVIDIA GPU Computing Toolkit\CUDA\v5.0\include" /ZI /nologo /W3 /WX- /Od /Oy- /D _MBCS /Gm /EHsc /RTC1 /MDd /GS /fp:precise /Zc:wchar_t /Zc:forScope /Fo"Debug\\" /Fd"Debug\vc100.pdb" /Gd /TP /analyze- /errorReport:prompt main.cpp
         main.cpp
       ManifestResourceCompile:
         All outputs are up-to-date.
       Link:
         c:\Program Files (x86)\Microsoft Visual Studio 10.0\VC\bin\link.exe /ERRORREPORT:PROMPT /OUT:"C:\Users\vxk5499\Downloads\KMeansClustering_vigneshGK-2015-10-23\KMeansClustering_vigneshGK\Debug\HpaLabs.exe" /INCREMENTAL /NOLOGO /LIBPATH:"C:\Program Files\NVIDIA GPU Computing Toolkit\CUDA\v5.0\lib\Win32" cudart.lib kernel32.lib user32.lib gdi32.lib winspool.lib comdlg32.lib advapi32.lib shell32.lib ole32.lib oleaut32.lib uuid.lib odbc32.lib odbccp32.lib kernel32.lib user32.lib gdi32.lib winspool.lib comdlg32.lib advapi32.lib shell32.lib ole32.lib oleaut32.lib uuid.lib odbc32.lib odbccp32.lib /MANIFEST /ManifestFile:"Debug\HpaLabs.exe.intermediate.manifest" /MANIFESTUAC:"level='asInvoker' uiAccess='false'" /DEBUG /PDB:"C:\Users\vxk5499\Downloads\KMeansClustering_vigneshGK-2015-10-23\KMeansClustering_vigneshGK\Debug\HpaLabs.pdb" /SUBSYSTEM:CONSOLE /TLBID:1 /DYNAMICBASE /NXCOMPAT /IMPLIB:"C:\Users\vxk5499\Downloads\KMeansClustering_vigneshGK-2015-10-23\KMeansClustering_vigneshGK\Debug\HpaLabs.lib" /MACHINE:X86 Debug\KMeansFiltering.cu.obj
         Debug\HpaLabs.exe.embed.manifest.res
         Debug\main.obj
       Manifest:
         C:\Program Files (x86)\Microsoft SDKs\Windows\v7.0A\bin\mt.exe /nologo /verbose /out:"Debug\HpaLabs.exe.embed.manifest" /manifest Debug\HpaLabs.exe.intermediate.manifest
         All outputs are up-to-date.
       LinkEmbedManifest:
         All outputs are up-to-date.
         HpaLabs.vcxproj -> C:\Users\vxk5499\Downloads\KMeansClustering_vigneshGK-2015-10-23\KMeansClustering_vigneshGK\Debug\HpaLabs.exe
       PostBuildEvent:
         echo copy "C:\Program Files\NVIDIA GPU Computing Toolkit\CUDA\v5.0\bin\cudart*.dll" "C:\Users\vxk5499\Downloads\KMeansClustering_vigneshGK-2015-10-23\KMeansClustering_vigneshGK\Debug\"
         copy "C:\Program Files\NVIDIA GPU Computing Toolkit\CUDA\v5.0\bin\cudart*.dll" "C:\Users\vxk5499\Downloads\KMeansClustering_vigneshGK-2015-10-23\KMeansClustering_vigneshGK\Debug\"
         :VCEnd
         copy "C:\Program Files\NVIDIA GPU Computing Toolkit\CUDA\v5.0\bin\cudart*.dll" "C:\Users\vxk5499\Downloads\KMeansClustering_vigneshGK-2015-10-23\KMeansClustering_vigneshGK\Debug\"
         C:\Program Files\NVIDIA GPU Computing Toolkit\CUDA\v5.0\bin\cudart32_50_35.dll
         C:\Program Files\NVIDIA GPU Computing Toolkit\CUDA\v5.0\bin\cudart64_50_35.dll
                 2 file(s) copied.
       FinalizeBuildStatus:
         Deleting file "Debug\HpaLabs.unsuccessfulbuild".
         Touching "Debug\HpaLabs.lastbuildstate".
     1>Done Building Project "C:\Users\vxk5499\Downloads\KMeansClustering_vigneshGK-2015-10-23\KMeansClustering_vigneshGK\HpaLabs\HpaLabs.vcxproj" (build target(s)).

Build succeeded.

Time Elapsed 00:00:06.09
