C:\USERS\VXK5499\DOCUMENTS\VISUAL STUDIO 2010\PROJECTS\HPALABS\CAPABILITIES\DEBUG\CAPABILITIES.EXE.EMBED.MANIFEST
C:\USERS\VXK5499\DOCUMENTS\VISUAL STUDIO 2010\PROJECTS\HPALABS\CAPABILITIES\DEBUG\CAPABILITIES.EXE.EMBED.MANIFEST.RES
C:\USERS\VXK5499\DOCUMENTS\VISUAL STUDIO 2010\PROJECTS\HPALABS\CAPABILITIES\DEBUG\CAPABILITIES.EXE.INTERMEDIATE.MANIFEST
c:\Users\vxk5499\documents\visual studio 2010\Projects\HPALabs\Capabilities\Debug\Capabilities.write.1.tlog
c:\Users\vxk5499\documents\visual studio 2010\Projects\HPALabs\Capabilities\Debug\Capabilities_manifest.rc
c:\Users\vxk5499\documents\visual studio 2010\Projects\HPALabs\Capabilities\Debug\cl.command.1.tlog
c:\Users\vxk5499\documents\visual studio 2010\Projects\HPALabs\Capabilities\Debug\CL.read.1.tlog
c:\Users\vxk5499\documents\visual studio 2010\Projects\HPALabs\Capabilities\Debug\CL.write.1.tlog
c:\Users\vxk5499\documents\visual studio 2010\Projects\HPALabs\Capabilities\Debug\link.55292.read.1.tlog
c:\Users\vxk5499\documents\visual studio 2010\Projects\HPALabs\Capabilities\Debug\link.55292.write.1.tlog
c:\Users\vxk5499\documents\visual studio 2010\Projects\HPALabs\Capabilities\Debug\link.55292-cvtres.read.1.tlog
c:\Users\vxk5499\documents\visual studio 2010\Projects\HPALabs\Capabilities\Debug\link.55292-cvtres.write.1.tlog
c:\Users\vxk5499\documents\visual studio 2010\Projects\HPALabs\Capabilities\Debug\link.command.1.tlog
c:\Users\vxk5499\documents\visual studio 2010\Projects\HPALabs\Capabilities\Debug\link.read.1.tlog
c:\Users\vxk5499\documents\visual studio 2010\Projects\HPALabs\Capabilities\Debug\link.write.1.tlog
c:\Users\vxk5499\documents\visual studio 2010\Projects\HPALabs\Capabilities\Debug\link-cvtres.read.1.tlog
c:\Users\vxk5499\documents\visual studio 2010\Projects\HPALabs\Capabilities\Debug\link-cvtres.write.1.tlog
C:\USERS\VXK5499\DOCUMENTS\VISUAL STUDIO 2010\PROJECTS\HPALABS\CAPABILITIES\DEBUG\MAIN.OBJ
c:\Users\vxk5499\documents\visual studio 2010\Projects\HPALabs\Capabilities\Debug\mt.command.1.tlog
c:\Users\vxk5499\documents\visual studio 2010\Projects\HPALabs\Capabilities\Debug\mt.read.1.tlog
c:\Users\vxk5499\documents\visual studio 2010\Projects\HPALabs\Capabilities\Debug\mt.write.1.tlog
c:\Users\vxk5499\documents\visual studio 2010\Projects\HPALabs\Capabilities\Debug\rc.command.1.tlog
c:\Users\vxk5499\documents\visual studio 2010\Projects\HPALabs\Capabilities\Debug\rc.read.1.tlog
c:\Users\vxk5499\documents\visual studio 2010\Projects\HPALabs\Capabilities\Debug\rc.write.1.tlog
c:\Users\vxk5499\documents\visual studio 2010\Projects\HPALabs\Capabilities\Debug\vc100.idb
C:\USERS\VXK5499\DOCUMENTS\VISUAL STUDIO 2010\PROJECTS\HPALABS\CAPABILITIES\DEBUG\VC100.PDB
C:\USERS\VXK5499\DOCUMENTS\VISUAL STUDIO 2010\PROJECTS\HPALABS\DEBUG\CAPABILITIES.EXE
C:\USERS\VXK5499\DOCUMENTS\VISUAL STUDIO 2010\PROJECTS\HPALABS\DEBUG\CAPABILITIES.ILK
C:\USERS\VXK5499\DOCUMENTS\VISUAL STUDIO 2010\PROJECTS\HPALABS\DEBUG\CAPABILITIES.PDB
