Build started 9/10/2015 2:30:28 PM.
     1>Project "C:\Users\vxk5499\Documents\Visual Studio 2010\Projects\HPALabs\Capabilities\Capabilities.vcxproj" on node 2 (build target(s)).
     1>InitializeBuildStatus:
         Creating "Debug\Capabilities.unsuccessfulbuild" because "AlwaysCreate" was specified.
       ClCompile:
         c:\Program Files (x86)\Microsoft Visual Studio 10.0\VC\bin\CL.exe /c /I"C:\Program Files\NVIDIA GPU Computing Toolkit\CUDA\v5.0\include" /ZI /nologo /W3 /WX- /Od /Oy- /D _MBCS /Gm /EHsc /RTC1 /MDd /GS /fp:precise /Zc:wchar_t /Zc:forScope /Fo"Debug\\" /Fd"Debug\vc100.pdb" /Gd /TP /analyze- /errorReport:prompt main.cpp
         main.cpp
     1>c:\users\vxk5499\documents\visual studio 2010\projects\hpalabs\capabilities\main.cpp(18): warning C4101: 'device' : unreferenced local variable
     1>c:\users\vxk5499\documents\visual studio 2010\projects\hpalabs\capabilities\main.cpp(44): warning C4101: 'GetDevicePropertiesStatus' : unreferenced local variable
       ManifestResourceCompile:
         All outputs are up-to-date.
       Link:
         c:\Program Files (x86)\Microsoft Visual Studio 10.0\VC\bin\link.exe /ERRORREPORT:PROMPT /OUT:"C:\Users\vxk5499\Documents\Visual Studio 2010\Projects\HPALabs\Debug\Capabilities.exe" /INCREMENTAL /NOLOGO /LIBPATH:"C:\Program Files\NVIDIA GPU Computing Toolkit\CUDA\v5.0\lib\Win32" cudart.lib kernel32.lib user32.lib gdi32.lib winspool.lib comdlg32.lib advapi32.lib shell32.lib ole32.lib oleaut32.lib uuid.lib odbc32.lib odbccp32.lib kernel32.lib user32.lib gdi32.lib winspool.lib comdlg32.lib advapi32.lib shell32.lib ole32.lib oleaut32.lib uuid.lib odbc32.lib odbccp32.lib /MANIFEST /ManifestFile:"Debug\Capabilities.exe.intermediate.manifest" /MANIFESTUAC:"level='asInvoker' uiAccess='false'" /DEBUG /PDB:"C:\Users\vxk5499\Documents\Visual Studio 2010\Projects\HPALabs\Debug\Capabilities.pdb" /SUBSYSTEM:CONSOLE /TLBID:1 /DYNAMICBASE /NXCOMPAT /IMPLIB:"C:\Users\vxk5499\Documents\Visual Studio 2010\Projects\HPALabs\Debug\Capabilities.lib" /MACHINE:X86 Debug\Capabilities.exe.embed.manifest.res
         Debug\main.obj
       Manifest:
         C:\Program Files (x86)\Microsoft SDKs\Windows\v7.0A\bin\mt.exe /nologo /verbose /out:"Debug\Capabilities.exe.embed.manifest" /manifest Debug\Capabilities.exe.intermediate.manifest
         All outputs are up-to-date.
       LinkEmbedManifest:
         All outputs are up-to-date.
         Capabilities.vcxproj -> C:\Users\vxk5499\Documents\Visual Studio 2010\Projects\HPALabs\Debug\Capabilities.exe
       PostBuildEvent:
         echo copy "C:\Program Files\NVIDIA GPU Computing Toolkit\CUDA\v5.0\bin\cudart*.dll" "C:\Users\vxk5499\Documents\Visual Studio 2010\Projects\HPALabs\Debug\"
         copy "C:\Program Files\NVIDIA GPU Computing Toolkit\CUDA\v5.0\bin\cudart*.dll" "C:\Users\vxk5499\Documents\Visual Studio 2010\Projects\HPALabs\Debug\"
         :VCEnd
         copy "C:\Program Files\NVIDIA GPU Computing Toolkit\CUDA\v5.0\bin\cudart*.dll" "C:\Users\vxk5499\Documents\Visual Studio 2010\Projects\HPALabs\Debug\"
         C:\Program Files\NVIDIA GPU Computing Toolkit\CUDA\v5.0\bin\cudart32_50_35.dll
         C:\Program Files\NVIDIA GPU Computing Toolkit\CUDA\v5.0\bin\cudart64_50_35.dll
                 2 file(s) copied.
       FinalizeBuildStatus:
         Deleting file "Debug\Capabilities.unsuccessfulbuild".
         Touching "Debug\Capabilities.lastbuildstate".
     1>Done Building Project "C:\Users\vxk5499\Documents\Visual Studio 2010\Projects\HPALabs\Capabilities\Capabilities.vcxproj" (build target(s)).

Build succeeded.

Time Elapsed 00:00:01.02
