Build started 10/9/2015 4:37:34 AM.
     1>Project "C:\Users\vxk5499\Documents\GuassJordanGPUA3AlmostworkingRC1\GuassJordanGPU\GuassJordan\GuassJordan.vcxproj" on node 2 (build target(s)).
     1>InitializeBuildStatus:
         Creating "Debug\GuassJordan.unsuccessfulbuild" because "AlwaysCreate" was specified.
       AddCudaCompileDeps:
       Skipping target "AddCudaCompileDeps" because all output files are up-to-date with respect to the input files.
       AddCudaCompilePropsDeps:
       Skipping target "AddCudaCompilePropsDeps" because all output files are up-to-date with respect to the input files.
       CudaBuild:
       Skipping target "CudaBuild" because all output files are up-to-date with respect to the input files.
       ClCompile:
         All outputs are up-to-date.
       ManifestResourceCompile:
         All outputs are up-to-date.
       Link:
         All outputs are up-to-date.
       Manifest:
         All outputs are up-to-date.
       PostBuildEvent:
         echo copy "C:\Program Files\NVIDIA GPU Computing Toolkit\CUDA\v5.0\bin\cudart*.dll" "C:\Users\vxk5499\Documents\GuassJordanGPUA3AlmostworkingRC1\GuassJordanGPU\Debug\"
         copy "C:\Program Files\NVIDIA GPU Computing Toolkit\CUDA\v5.0\bin\cudart*.dll" "C:\Users\vxk5499\Documents\GuassJordanGPUA3AlmostworkingRC1\GuassJordanGPU\Debug\"
         :VCEnd
         copy "C:\Program Files\NVIDIA GPU Computing Toolkit\CUDA\v5.0\bin\cudart*.dll" "C:\Users\vxk5499\Documents\GuassJordanGPUA3AlmostworkingRC1\GuassJordanGPU\Debug\"
         C:\Program Files\NVIDIA GPU Computing Toolkit\CUDA\v5.0\bin\cudart32_50_35.dll
         C:\Program Files\NVIDIA GPU Computing Toolkit\CUDA\v5.0\bin\cudart64_50_35.dll
                 2 file(s) copied.
       FinalizeBuildStatus:
         Deleting file "Debug\GuassJordan.unsuccessfulbuild".
         Touching "Debug\GuassJordan.lastbuildstate".
     1>Done Building Project "C:\Users\vxk5499\Documents\GuassJordanGPUA3AlmostworkingRC1\GuassJordanGPU\GuassJordan\GuassJordan.vcxproj" (build target(s)).

Build succeeded.

Time Elapsed 00:00:00.07
