C:\USERS\VXK5499\DOCUMENTS\VISUAL STUDIO 2010\PROJECTS\LAB3\HPALABS\DEBUG\VECTOROPERATIONS.EXE
C:\USERS\VXK5499\DOCUMENTS\VISUAL STUDIO 2010\PROJECTS\LAB3\HPALABS\DEBUG\VECTOROPERATIONS.ILK
C:\USERS\VXK5499\DOCUMENTS\VISUAL STUDIO 2010\PROJECTS\LAB3\HPALABS\DEBUG\VECTOROPERATIONS.PDB
C:\Users\vxk5499\Documents\Visual Studio 2010\Projects\lab3\HpaLabs\VectorOperations\Debug\cl.command.1.tlog
C:\Users\vxk5499\Documents\Visual Studio 2010\Projects\lab3\HpaLabs\VectorOperations\Debug\CL.read.1.tlog
C:\Users\vxk5499\Documents\Visual Studio 2010\Projects\lab3\HpaLabs\VectorOperations\Debug\CL.write.1.tlog
C:\Users\vxk5499\Documents\Visual Studio 2010\Projects\lab3\HpaLabs\VectorOperations\Debug\link.119124.read.1.tlog
C:\Users\vxk5499\Documents\Visual Studio 2010\Projects\lab3\HpaLabs\VectorOperations\Debug\link.119124.write.1.tlog
C:\Users\vxk5499\Documents\Visual Studio 2010\Projects\lab3\HpaLabs\VectorOperations\Debug\link.119124-cvtres.read.1.tlog
C:\Users\vxk5499\Documents\Visual Studio 2010\Projects\lab3\HpaLabs\VectorOperations\Debug\link.119124-cvtres.write.1.tlog
C:\Users\vxk5499\Documents\Visual Studio 2010\Projects\lab3\HpaLabs\VectorOperations\Debug\link.command.1.tlog
C:\Users\vxk5499\Documents\Visual Studio 2010\Projects\lab3\HpaLabs\VectorOperations\Debug\link.read.1.tlog
C:\Users\vxk5499\Documents\Visual Studio 2010\Projects\lab3\HpaLabs\VectorOperations\Debug\link.write.1.tlog
C:\Users\vxk5499\Documents\Visual Studio 2010\Projects\lab3\HpaLabs\VectorOperations\Debug\link-cvtres.read.1.tlog
C:\Users\vxk5499\Documents\Visual Studio 2010\Projects\lab3\HpaLabs\VectorOperations\Debug\link-cvtres.write.1.tlog
C:\USERS\VXK5499\DOCUMENTS\VISUAL STUDIO 2010\PROJECTS\LAB3\HPALABS\VECTOROPERATIONS\DEBUG\MAIN.OBJ
C:\Users\vxk5499\Documents\Visual Studio 2010\Projects\lab3\HpaLabs\VectorOperations\Debug\mt.command.1.tlog
C:\Users\vxk5499\Documents\Visual Studio 2010\Projects\lab3\HpaLabs\VectorOperations\Debug\mt.read.1.tlog
C:\Users\vxk5499\Documents\Visual Studio 2010\Projects\lab3\HpaLabs\VectorOperations\Debug\mt.write.1.tlog
C:\Users\vxk5499\Documents\Visual Studio 2010\Projects\lab3\HpaLabs\VectorOperations\Debug\rc.command.1.tlog
C:\Users\vxk5499\Documents\Visual Studio 2010\Projects\lab3\HpaLabs\VectorOperations\Debug\rc.read.1.tlog
C:\Users\vxk5499\Documents\Visual Studio 2010\Projects\lab3\HpaLabs\VectorOperations\Debug\rc.write.1.tlog
C:\Users\vxk5499\Documents\Visual Studio 2010\Projects\lab3\HpaLabs\VectorOperations\Debug\vc100.idb
C:\USERS\VXK5499\DOCUMENTS\VISUAL STUDIO 2010\PROJECTS\LAB3\HPALABS\VECTOROPERATIONS\DEBUG\VC100.PDB
C:\USERS\VXK5499\DOCUMENTS\VISUAL STUDIO 2010\PROJECTS\LAB3\HPALABS\VECTOROPERATIONS\DEBUG\VECTOR_ADDITION.OBJ
C:\USERS\VXK5499\DOCUMENTS\VISUAL STUDIO 2010\PROJECTS\LAB3\HPALABS\VECTOROPERATIONS\DEBUG\VECTOR_SCALING.OBJ
C:\USERS\VXK5499\DOCUMENTS\VISUAL STUDIO 2010\PROJECTS\LAB3\HPALABS\VECTOROPERATIONS\DEBUG\VECTOR_SUBRACTION.OBJ
C:\USERS\VXK5499\DOCUMENTS\VISUAL STUDIO 2010\PROJECTS\LAB3\HPALABS\VECTOROPERATIONS\DEBUG\VECTOROPERATIONS.EXE.EMBED.MANIFEST
C:\USERS\VXK5499\DOCUMENTS\VISUAL STUDIO 2010\PROJECTS\LAB3\HPALABS\VECTOROPERATIONS\DEBUG\VECTOROPERATIONS.EXE.EMBED.MANIFEST.RES
C:\USERS\VXK5499\DOCUMENTS\VISUAL STUDIO 2010\PROJECTS\LAB3\HPALABS\VECTOROPERATIONS\DEBUG\VECTOROPERATIONS.EXE.INTERMEDIATE.MANIFEST
C:\Users\vxk5499\Documents\Visual Studio 2010\Projects\lab3\HpaLabs\VectorOperations\Debug\VectorOperations.vcxprojResolveAssemblyReference.cache
C:\Users\vxk5499\Documents\Visual Studio 2010\Projects\lab3\HpaLabs\VectorOperations\Debug\VectorOperations.write.1.tlog
C:\Users\vxk5499\Documents\Visual Studio 2010\Projects\lab3\HpaLabs\VectorOperations\Debug\VectorOperations_manifest.rc
